abhisaṅkharoti 74
kharā 62
abhisaṅkharitvā 47
vaṇṇapokkharatāya 37
pokkharasāti 33
pāsāṇasakkharā 29
pokkharaṇī 27
pokkharaṇiyā 26
sākkharappabhedānaṁ 22
pokkharasātissa 19
pokkharaṇiṁ 17
abhisaṅkharonti 16
kharānaṁ 14
kharassarena 13
mukharā 12
akkharaṁ 11
pokkharaṇīrāmaṇeyyakan”ti 9
sikharena 8
kharo 8
amukharā 7
saṅkhatamabhisaṅkharonti 6
nābhisaṅkharonti 6
mukharo 6
kharāhi 6
kharigataṁ 6
kharattāya 6
anabhisaṅkharitvā 6
pokkharaṇiyo 5
apurakkharāno 5
sakkharakaṭhalampi 4
pokkharaṇīnaṁ 4
pokkharasātiṁ 4
kharājinaṁ 4
kharattañceva 4
cittakkharā 4
akkharena 4
sakkharā 3
sakkharakathalāpi 3
sakkharakathalampi 3
purakkharāno 3
pokkharā 3
pokkhare 3
pokkharaṇīsu 3
pokkharaṇirāmaṇeyyakaṁ 3
pokkharasātinā”ti 3
amukharo 3
saṅkhatamabhisaṅkharontīti 2
sakkharakaṭhalāpi 2
sakkharakaṭhalā 2
purekkharonti 2
pokkharaṇīsutta 2
pokkharaṇīsampannaṁ 2
pokkharaṇiyaṁ 2
pokkharasātinā 2
pokkharasātakā 2
pokkharapatteva 2
paṭisaṅkharonti 2
parikkhare 2
kharaṁ 2
anabhisaṅkharoto 2
anabhisaṅkharonto 2
amukharena 2
akkharikaṁ 2
akkharehi 2
abhisaṅkhari 2
abhisaṅkhareyyaṁ 2
abhisaṅkhareyyan”ti 2
abhisaṅkhareyya 2
yadidaṁpokkharaṇiyā 1
vāripokkharapatteva 1
vaṇṇapokkharatā 1
uppalasikharopamāni 1
sukhumasakkharā 1
sikkhare”ti 1
sikkhare 1
sikhari 1
saṅkharājauppatti 1
saññakkharasaññanissitāni 1
sampurekkharontī”ti 1
sakkharaṁ 1
pāsāṇasakkharikañca 1
pokkharaṇiyāyaṁ 1
pokkharañño 1
pokkharasātivatthu 1
pokkharasātiupāsakattapaṭivedanā 1
pokkharasātikulaṁ 1
pokkharasātibuddhūpasaṅkamana 1
pokkharaphalakaṁ 1
paṭisaṅkharoti 1
mukharogo 1
mukhare 1
mukharajātiko 1
loṇasakkharāya 1
kusumitasikharā 1
kiñjakkhareṇunā 1
kharājināni 1
gandhabbāsurayakkharakkhasebhi 1
dhammapāsādapokkharaṇī 1
cābhisaṅkharoti 1
catuvīsatakkharaṁ” 1
asaṅkharāno 1
apāsāṇasakkharikañca 1
appamattānusikkhare 1
akkharānaṁ 1
akkharā 1
akkharasaññitaopamagāḷhaṁ 1
abhisaṅkhareyyā”ti 1
pokkharaṇī 12
pokkharaṇiṁ 9
kharānaṁ 9
pokkharaṇiyā 8
akkharakkharāya 8
akkharāya 7
paṭisaṅkharonti 6
akkharikāyapi 6
pokkharaṭṭhaṁ 5
mukharāgaṁ 4
vaṇṇapokkharatāya 3
sakkharaṁ 3
pokkharaṇiyo 3
kharā 3
kharassarena 3
anvakkharaṁ 3
sikharaṇī 2
sakkharikāya 2
pokkharaṇīsatāni 2
pokkharaṇīsahassāni 2
pokkharavane 2
paṭisaṅkharonte 2
paṭisaṅkhareyyāmā”ti 2
mukharāgo 2
khaṇḍaphullapaṭisaṅkharaṇamattenapi 2
kharo 2
aṅgarāgamukharāgo 2
aṅgarāgamukharāgaṁ 2
yebhuyyenasakkharā 1
suddhasakkharā 1
sikharaṇīsi 1
sikharaṇīpi 1
sikharaṇitthipaṇḍakā 1
sakkharikāyapi 1
sakkharadhotapāṇī 1
pokkharaṇin”ti 1
pokkharaṁ 1
paṭisaṅkharoma 1
paṭisaṅkhariṁsu 1
paṭisaṅkharissati 1
loṇasakkharikāya 1
khaṇḍaphullapaṭisaṅkharaṇaṁ 1
khaṇḍaphullapaṭisaṅkharaṇamattena 1
kharaṁ 1
kharasamphassaṁ 1
kharalomaṁ 1
kharakambalo”ti 1
kharakambalaṁ 1
kharakambalako”ti 1
kharakambalakaṁ 1
appasakkharā 1
abhisaṅkharitvā 1
abhisaṅkharitun”ti 1
abhisaṅkhareyyaṁ 1
abhisaṅkharesi 1
saṅkharitvā 6 var
pokkharaṇiyā 2 var
kharakambalo 2 var
kharakambalako 2 var
sikhariṇī 1 var
sikhari 1 var
sikharena 1 var
sikharaṇī 1 var
pokkhariṇī 1 var
pokkharaṇī 1 var
pokkharasātī 1 var
pokkharasāti 1 var
pokkharasādi 1 var
pilakkharajanaṁ 1 var
mukharosi 1 var
lūkharasā 1 var
khaṇḍaphullappaṭisaṅkharaṇaṁ 1 var
khaṇḍaphullapaṭisaṅkharaṇaṁ 1 var
dukkhachanda-dukkharāga-dukkhachandarāgasuttāni 1 var
apurekkharāno 1 var
apurakkharāno 1 var
abhisaṅkharoti 1 var
abhisaṅkhari 1 var
