saṅkhārā 441
saṅkhāre 216
saṅkhāresu 117
saṅkhārānaṁ 96
kāyasaṅkhāraṁ 66
saṅkhārapaccayā 42
sabbasaṅkhāresu 41
saṅkhārā”ti 36
saṅkhāranirodho 35
chandasamādhippadhānasaṅkhārasamannāgataṁ 35
saṅkhāranirodhā 32
vīmaṁsāsamādhippadhānasaṅkhārasamannāgataṁ 31
vacīsaṅkhāraṁ 31
manosaṅkhāraṁ 31
saṅkhāro 30
asaṅkhāraparinibbāyī 28
sasaṅkhāraparinibbāyī 27
cīvarapiṇḍapātasenāsanagilānappaccayabhesajjaparikkhārānaṁ 27
cīvarapiṇḍapātasenāsanagilānapaccayabhesajjaparikkhārānaṁ 27
saṅkhārehi 26
sabbasaṅkhārasamatho 26
saṅkhāragataṁ 25
kāyasaṅkhāro 25
vacīsaṅkhāro 24
saṅkhārupādānakkhandho 24
saṅkhārasamudayaṁ 24
saṅkhāraṁ 23
saṅkhāranirodhagāminiṁ 22
soḷasaparikkhārāya 21
saṅkhāranirodhaṁ 21
jīvitaparikkhārā 20
saṅkhāresupi 18
cittasaṅkhāro”ti 16
iddhābhisaṅkhāraṁ 15
cittasaṅkhāraṁ 15
samudānetabbācīvarapiṇḍapātasenāsanagilānappaccayabhesajjaparikkhārāte 14
passaddhakāyasaṅkhāro 14
evaṁsaṅkhāro 13
chandasamādhipadhānasaṅkhārasamannāgataṁ 12
vīmaṁsāsamādhipadhānasaṅkhārasamannāgataṁ 11
khārāpatacchikampi 10
cīvarapiṇḍapātasenāsanagilānappaccayabhesajjaparikkhārena 10
cīvarapiṇḍapātasenāsanagilānappaccayabhesajjaparikkhārehi 10
cīvarapiṇḍapātasenāsanagilānappaccayabhesajjaparikkhāraṁ 10
saṅkhārāti 9
saṅkhāravantaṁ 9
saṅkhāranirodho”ti 9
gilānappaccayabhesajjaparikkhāraṁ 9
itarītaracīvarapiṇḍapātasenāsanagilānapaccayabhesajjaparikkhārena 8
cīvarapiṇḍapātasenāsanagilānappaccayabhesajjaparikkhārānan”ti 8
cittasaṅkhāro 8
cittasaṅkhārappaṭisaṁvedī 8
vacīsaṅkhārā 7
saṅkhārasamudayo 7
saṅkhāranirodhagāminī 7
nagaraparikkhārena 7
itarītaracīvarapiṇḍapātasenāsanagilānappaccayabhesajjaparikkhārena 7
gilānappaccayabhesajjaparikkhārena 7
anupubbasaṅkhārānaṁ 7
āyusaṅkhārā 6
āyusaṅkhāraṁ 6
vīsatikhāriko 6
vīriyasamādhipadhānasaṅkhārasamannāgataṁ 6
soḷasaparikkhāraṁ 6
saṅkhārappadhānā 6
saṅkhāradhātuyā 6
sasaṅkhāraṁ 6
saparikkhāro 6
gilānappaccayabhesajjaparikkhārahetu 6
cittasaṅkhārapaṭisaṁvedī 6
cittasamādhipadhānasaṅkhārasamannāgataṁ 6
abhisaṅkhārassa 6
vitakkasaṅkhārasaṇṭhānaṁ 5
saṅkhārā” 5
samādhiparikkhārā 5
manosaṅkhārā 5
cīvarapiṇḍapātasenāsanagilānapaccayabhesajjaparikkhārā 5
asaṅkhāraṁ 5
āyusaṅkhāre 4
saṅkhārūpasamaṁ 4
saṅkhārārammaṇaṁ 4
saṅkhārānañce 4
saṅkhāreyeva 4
saṅkhāravipariṇāmaññathābhāvā 4
saṅkhārappatiṭṭhaṁ 4
saṅkhāranirodhagāminiyā 4
saṅkhārakkhandhassa 4
saṅkhāragatametaṁ 4
sasaṅkhāraniggayhavāritagato 4
parikkhāre 4
padhānasaṅkhārā”ti 4
padhānasaṅkhārā 4
nagaraparikkhārehi 4
kāyasaṅkhārā 4
khārakajāto 4
jīvitasaṅkhāraṁ 4
jīvitaparikkhāresu 4
gilānappaccayabhesajjaparikkhārānaṁ 4
gilānapaccayabhesajjaparikkhāraṁ 4
cittasaṅkhārā 4
bhavasaṅkhāramavassaji 4
abhivādanapaccuṭṭhānaañjalikammasāmīcikammacīvarapiṇḍapātasenāsanagilānappaccayabhesajjaparikkhārānuppadānena 4
vīriyasamādhippadhānasaṅkhārasamannāgato 3
vīriyasamādhippadhānasaṅkhārasamannāgataṁ 3
vīmaṁsāsamādhippadhānasaṅkhārasamannāgato 3
saṅkhārupayaṁ 3
saṅkhārasokhummena 3
saṅkhārasamudaye 3
saṅkhārapabhavaṁ 3
saṅkhāranirodhe 3
saṅkhāranidānaṁ 3
saṅkhārakkhandho 3
saṅkhārajātikaṁ 3
saṅkhāradukkhatā 3
sabbasaṅkhārā 3
parikkhārā 3
parikkhāraṁ 3
khārivividhamādāya 3
kaṅkhārevato 3
cīvarapiṇḍapātasenāsanagilānapaccayabhesajjaparikkhārehi 3
cittālaṅkāracittaparikkhāratthaṁ 3
cittasamādhippadhānasaṅkhārasamannāgato 3
cittasamādhippadhānasaṅkhārasamannāgataṁ 3
chandasamādhippadhānasaṅkhārasamannāgato 3
asaṅkhāro 3
apāpapurekkhāro 3
āyusaṅkhāro 2
āneñjābhisaṅkhāraṁ 2
vacīsaṅkhārānaṁ 2
vacīsaṅkhāro”ti 2
saṅkhārūpanisaṁ 2
saṅkhārārāmassa 2
saṅkhārānaṁyeva 2
saṅkhārupādānakkhandhe 2
saṅkhārupādānakkhandhassa 2
saṅkhāravipariṇāmānuparivattijā 2
saṅkhāravipariṇāmānuparivatti 2
saṅkhārasokhummaṁ 2
saṅkhārasamudayañca 2
saṅkhāranirodhoti 2
saṅkhāranirodhañca 2
sasaṅkhāraparinibbāyissa 2
sasaṅkhāraniggayhavāritagato”ti 2
saparikkhāraṁ 2
samudānetabbācīvarapiṇḍapātasenāsanagilānappaccayabhesajjaparikkhārā 2
sabbasaṅkhāre 2
sabbasaṅkhārasamathāya 2
sabbasaṅkhārasamathe 2
sabbasaṅkhārasamathaṁ 2
puññābhisaṅkhāraṁ 2
pabbajjābhisaṅkhāro 2
kāyasaṅkhārānaṁ 2
khārividhamādāya 2
khārikehipi 2
khārikaṁ 2
khāragandho 2
itarītaragilānappaccayabhesajjaparikkhārasantuṭṭhiyā 2
itarītaracīvarapiṇḍapātasenāsanagilānapaccayabhesajjaparikkhārenā”ti 2
gilānappaccayabhesajjaparikkhārānan”ti 2
gamiyābhisaṅkhāro 2
cīvarapiṇḍapātasenāsanagilānapaccayabhesajjaparikkhārānan”ti 2
cittālaṅkāracittaparikkhāraṁ 2
cittasaṅkhārānaṁ 2
catuparikkhāra 2
asaṅkhāraparinibbāyissa 2
apuññābhisaṅkhāraṁ 2
akhārikehipi 2
akhārikaṁ 2
āyusaṅkhārossajjanasutta 1
āyusaṅkhāraossajjana 1
āneñjābhisaṅkhāro 1
yadidaṁsabbasaṅkhārasamatho 1
vīmaṁsasamādhipadhānasaṅkhārasamannāgataṁ 1
visaṅkhāragataṁ 1
upekkhārammaṇaṁ 1
upekkhārammaṇañca 1
sīlaparikkhāro 1
suddhasaṅkhārapuñjoyaṁ 1
soḷasaparikkhārā”ti 1
sikhāriva 1
saṅkhārūpāyaṁ 1
saṅkhārūpasamo 1
saṅkhārā”tissa 1
saṅkhārāvasesasamāpattipattabbametaṁ 1
saṅkhārāvasesasamāpatti 1
saṅkhārāpi 1
saṅkhārānāhaṁ 1
saṅkhārāniccataṁ 1
saṅkhārāniccatañca 1
saṅkhārāatītānāgatapaccuppannā 1
saṅkhārupapattiṁ 1
saṅkhārupapattisuttaṁ 1
saṅkhārupapattisutta 1
saṅkhāresūpasantesu 1
saṅkhārepāhaṁ 1
saṅkhārenupalippati 1
saṅkhāraṭṭhitikā 1
saṅkhārattāyaṁ 1
saṅkhārattāya 1
saṅkhārasutta 1
saṅkhārasaṅkhāyavimutto 1
saṅkhārasaṅkhayavimutto 1
saṅkhārasantatiṁ 1
saṅkhārasamāpattipattabbamakkhāyati 1
saṅkhārasamudayā 1
saṅkhāraparamā 1
saṅkhārapaccayāti 1
saṅkhāranirodhāya 1
saṅkhāranirodhañāṇakusalo 1
saṅkhāranirodhasāruppagāminī 1
saṅkhārakkhandhe 1
saṅkhāragate 1
saṅkhāradhāturāgavinibandhañca 1
saṅkhāradhātu 1
saṅkhāraaññāṇasutta 1
sattasamādhiparikkhāra 1
sasaṅkhārā 1
sasaṅkhārasutta 1
sasaṅkhāraniggayhavāritagataṁ 1
saparikkhāratā 1
samādhiparikkhārasutta 1
sammādiṭṭhipurekkhāro 1
sakhāraṁva 1
sabbasaṅkhārasamathā 1
puññābhisaṅkhāro 1
purekkhārañca 1
paṭisaṅkhārāpeti 1
parikkhāro 1
parikkhārehi 1
kāyasaṅkhāre 1
khārodakā 1
khārikampi 1
khāribhāro 1
khāre 1
khārañca 1
kaṅkhārevataṁ 1
kaṅkhārevatattheragāthā 1
kaṅkhārevatasutta 1
kaṅkhārevatasammato 1
gilānapaccayabhesajjaparikkhāro 1
diṭṭhasutamutaviññātabbasaṅkhāramattena 1
cīvarapiṇḍapātasenāsanagilānappaccayabhesajjaparikkhārenā”ti 1
cīvarapiṇḍapātasenāsanagilānappaccayabhesajjaparikkhārenāti 1
cīvarapiṇḍapātasenāsanagilānappaccayabhesajjaparikkhārahetu 1
cīvarapiṇḍapātasenāsanagilānapaccayabhesajjaparikkhārānuppadānatthaṁ 1
cittasaṅkhāroti 1
bhavasaṅkhāro 1
aṭṭhaparikkhāra 1
asaṅkhārā 1
asaññataparikkhāravatthu 1
apuññābhisaṅkhāro 1
akhārikampi 1
abhivādanapaccuṭṭhānaañjalikammasāmīcikammacīvarapiṇḍapātasenāsanagilānapaccayabhesajjaparikkhārānuppadānenā”ti 1
abhisaṅkhāro 1
abhisaṅkhāresi 1
parikkhārena 57
parikkhāro 49
parikkhāraṁ 47
bhedapurekkhārā 32
saṅkhārā 17
cīvarapiṇḍapātasenāsanagilānappaccayabhesajjaparikkhārena 11
cīvarapiṇḍapātasenāsanagilānappaccayabhesajjaparikkhārānaṁ 6
cīvarapiṇḍapātasenāsanagilānappaccayabhesajjaparikkhārā 6
attho”tibhedapurekkhārā 6
nagarapaṭisaṅkhārikāni 5
khārikājamissaṁ 5
iddhābhisaṅkhāraṁ 5
gilānappaccayabhesajjaparikkhāraṁ 4
gilānappaccayabhesajjaparikkhārahetu 4
saṅkhārapaccayā 3
sabbasaṅkhārasamatho 3
dhammapurekkhārāya 3
cīvarapiṇḍapātasenāsanagilānappaccayabhesajjaparikkhārānan”ti 3
cīvarapiṇḍapātasenāsanagilānappaccayabhesajjaparikkhāraṁ 3
bahuparikkhārā 3
atthapurekkhārāya 3
anusāsanipurekkhārāya 3
vinayapurekkhāratā 2
senāsanaparikkhārikaṁ 2
saṅkhāresu 2
paṭisaṅkhāraṁ 2
parikkhārā 2
parikkhāre 2
kāyasaṅkhāraṁ 2
kaṅkhārevato 2
gilānappaccayabhesajjaparikkhāro 2
gamikābhisaṅkhāro 2
dhammapurekkhārassa 2
cīvarapiṇḍapātasenāsanagilānappaccayabhesajjaparikkhāran”ti 2
cittasaṅkhāraṁ 2
cittasaṅkhārappaṭisaṁvedī 2
bhedapurekkhārapannarasakaṁ 2
bhedapurekkhārapannarasaka 2
atthapurekkhārassa 2
anusāsanipurekkhārassa 2
abhisaṅkhārikaṁ 2
āmisakhāraṁ 1
vuṭṭhānapurekkhārato 1
visaṁvādanapurekkhārassa 1
vinayapurekkhāratāti 1
senāsanaparikkhāriko 1
saṅkhāresupi 1
saṅkhāranirodhā 1
saṅkhāranirodho 1
saparikkhārapaṭisaññuttā 1
parikkhārañca 1
parikkhāracoḷaṁ 1
parikkhāracoḷanti 1
parikkhāracoḷakan”ti 1
paraparikkhārapaṭisaññuttā 1
pabbajjābhisaṅkhāro 1
lahuparikkhāraṁ 1
khāraṁ 1
garuparikkhārāni 1
garuparikkhāraṁ 1
chaparikkhārathavikā 1
bahuparikkhāro 1
asannihitaparikkhārā 1
abhisaṅkhāresi 6 var
saṅkhārā 4 var
sasaṅkhāraniggayhavāritavato 2 var
sasaṅkhāraniggayhavāritagato 2 var
vacīsaṅkhāro 1 var
saṅkhāresūpasantesu 1 var
saṅkhārehi 1 var
saṅkhāre 1 var
saṅkhāraparamā 1 var
saṅkhāraaññāṇasutta 1 var
sasaṅkhārasutta 1 var
sasaṅkhāraniggayhavāriyādhigatoti 1 var
sasaṅkhāraniggayhavāriyādhigato 1 var
sasaṅkhāraniggayhavārivāvaṭoti 1 var
sasaṅkhāraniggayhavārivāvaṭo 1 var
sasaṅkhāraniggayhavārivāvato 1 var
sasaṅkhāraniggayhavārivāvataṁ 1 var
sasaṅkhāraniggayhavāritāvaṭoti 1 var
sasaṅkhāraniggayhavāritavataṁ 1 var
sasaṅkhāraniggayhavāritappattoti 1 var
sasaṅkhāraniggayhavāritagato”ti 1 var
sasaṅkhāraniggayhavāritagataṁ 1 var
sasaṅkhāraniggayhavāritacatoti 1 var
sasaṅkhāraniggayha 1 var
saparikkhārā 1 var
saparikkhāratā 1 var
saparikkhārathavikā 1 var
saparikkhārathavikaṁ 1 var
sabbasaṅkhārā 1 var
sabbasaṅkhāre 1 var
sabbasaṅkhāraṁ 1 var
parikkhārānaṁ 1 var
khārīvividhamādāya 1 var
khārīvidhamādāya 1 var
khārāpaṭicchakampi 1 var
khārāpatacchikampi 1 var
khārodikā 1 var
khārodakā 1 var
khārivividhamādāya 1 var
khārimayañca 1 var
gamiyābhisaṅkhāro 1 var
gamikābhisaṅkhāro 1 var
cīvarapiṇḍapātasenāsanagilānappaccayabhesajjaparikkhāraṁ 1 var
chaparikkhārathavikā 1 var
abhisaṅkhāri 1 var
abhisaṅkhāreti 1 var
