karoti 504
karitvā 341
karaṇīyaṁ 330
karonti 212
kareyya 190
karotha 135
karaṇīyo 127
byākaroti 110
karohi 109
byākareyya 102
bahulīkaronto 102
karoto 94
sukaraṁ 82
veyyākaraṇaṁ 74
karissati 73
manasikaroto 69
dukkhassantakaro 69
karonte 68
bahulīkaroti 66
karaṇīyo”ti 65
karomi 64
byākareyyaṁ 62
byantīkaroti 60
yatvādhikaraṇamenaṁ 57
karissāmi 57
kareyyaṁ 57
cakkaratanaṁ 55
pātukaroti 54
kareyyuṁ 53
takkarassa 50
sakkaronti 50
karissanti 50
nānākaraṇaṁ 49
añjalikaraṇīyo 49
byākaramāno 48
bhaddekarattassa 45
dubbalīkaraṇe 44
karahaci 43
dukkaraṁ 43
katakaraṇīyo 41
karonto 41
nāthakaraṇo 40
byākarissati 39
karuṇāsahagatena 36
karissāmī”ti 33
kalyāṇavākkaraṇo 33
veyyākaraṇānī”ti 32
sakkareyyuṁ 32
karaṇīyan”ti 31
karissatī”ti 30
karaṇīyena 30
veyyākaraṇāya 29
veyyākaraṇena 28
piyakaraṇo 28
kāmādhikaraṇaṁ 28
garukaraṇo 28
bahulīkarissati 28
bahulīkarotī”ti 27
yathākāmakaraṇīyo 26
veyyākaraṇāni 26
karotī”ti 26
karontī”ti 26
byākareyyātha 26
yathākāmakaraṇīyā 25
uttānīkaronti 25
sacchikaroti 25
manasikarotā 25
byākareyyāsi 25
amanasikarotā 25
paravittūpakaraṇaṁ 24
karīyati 24
karomī”ti 24
anukaromi 24
adhikaraṇaṁ 24
balakaraṇīyavagga 23
amanasikaritvā 23
veyyākaraṇo 22
titthakaro 22
udakarahado 21
byākarissāmi 20
byākaramānā 20
bhaddekarattiyo 20
nānākaraṇan”ti 18
karuṇaṁ 18
karontassa 18
bhaddekarattoti 18
bahukaraṇīyā”ti 18
uttānīkarissanti 17
sukarā 17
samaggakaraṇiṁ 17
karosi 17
ñāṇakaraṇī 16
veyyākaraṇasmiṁ 16
sovacassakaraṇo 16
sakkaronto 16
dovacassakaraṇo 16
antarāyakaro 16
uttānīkaroti 15
sārakaraṇīyaṁ 15
katakaraṇīyā 15
karontā 15
karohī”ti 15
kammakarāti 15
byākarohi 15
byākareyyāsī”ti 15
bahulīkaroto 15
sakkaroti 14
karīyanti 14
dukkarakārikāya 14
byākaromi 14
balakaraṇīyā 14
sacchikaraṇīyā 13
pariṇāyakaratanameva 13
kukkuṭasūkarā 13
karuṇā 13
karotīti 13
cakkhukaraṇī 13
byākareyyan”ti 13
tārakarūpāni 12
sovacassakaraṇehi 12
sakkarissanti 12
pātukarissāmī”ti 12
manasikarotha 12
manasikaraṇīyā 12
kukkuṭasūkarapaṭiggahaṇā 12
kiṅkaraṇīyāni 12
karīyamānaṁ 12
karīsaṁ 12
karissāma 12
kareyyā”ti 12
karaṇīyā 12
dāsakammakaraporisassa 12
byākaronti 12
byākareyyāthā”ti 12
akaraṇā 12
adhikaraṇe 12
abhiññāsacchikaraṇīyassa 12
udakarahadaṁ 11
pātukareyyā”ti 11
mahādhikaraṇaṁ 11
byākarotu 11
balakaraṇīyavaggo 11
añjalikaraṇīyā 11
appādhikaraṇaṁ 11
adhikaraṇānaṁ 11
udakarahade 10
sūkaramaddavaṁ 10
sūkarakhatavagga 10
sacchikareyyā”ti 10
sacchikaraṇīyesu 10
paṭikaroti 10
kareyyāma 10
karaṇīyāni 10
karajakāyavagga 10
ekaraso 10
byākareyyā”ti 10
byākareyyuṁ 10
antakaro 10
anekaratano 10
aggikaraṇīyaṁ 10
veyyākaraṇāyā”ti 9
sudukkaraṁ 9
sacchikaronti 9
pañhaveyyākaraṇena 9
karotu 9
karissasi 9
karaṇīye” 9
dubbalīkaraṇā 9
byākareyyāma 9
analaṅkaritvā 9
akarontaṁ 9
udakarahadā 8
udakarahadassa 8
saṅgaṇikarato 8
sacchikarissatīti 8
pātukarontī”ti 8
piyakaraṇā 8
paṭikarosi 8
pañhaveyyākaraṇaṁ 8
pariṇāyakaratanaṁ 8
pahūtavittūpakaraṇe 8
karitvāna 8
karissāmīti 8
karissāmā”ti 8
kareyyāsī”ti 8
garukaraṇā 8
ekarattiṁ 8
bahukaraṇīyo 8
akaraṇīyo 8
ārakkhādhikaraṇaṁ 7
vajjikaraṇīyāni 7
uttarikaraṇīyan”ti 7
tārakarūpānaṁ 7
titthakarā 7
sūkariko 7
sapattakaraṇo 7
sakkarontā 7
ovādapatikaro 7
karissantī”ti 7
dukkaran”ti 7
dhammādhikaraṇaṁ 7
bahulīkarotīti 7
akaramheva 7
vaggakaraṇiṁ 6
sūkaradoṇiyā 6
sukarāni 6
seyyathidaṁcakkaratanaṁ 6
saṅkaritvā 6
sacchikarissatī”ti 6
sacchikaraṇīyo 6
pātukarissati 6
paṭikaromī”ti 6
pariṇāyakaratanappamukhāni 6
pamāṇakaraṇo 6
pahūtavittūpakaraṇo 6
pabhaṅkaro 6
nāthakaraṇā 6
nimittakaraṇo 6
muttakarīse 6
kukkuṭasūkaraṁ 6
karoma 6
karaṇḍā 6
karaṇḍo 6
karaṇīyādhikaraṇīyesu 6
karaṇīyanti 6
dāsakammakarā 6
dukkarā”ti 6
dubbalīkaraṇo 6
dubbalīkaraṇaṁ 6
dovacassakaraṇehi 6
daṇḍavākarāhi 6
byākarissāmī”ti 6
akaraṇīyā 6
akaraṇīyaṁ 6
adhikaraṇampi 6
ñāṇakaraṇo 5
veyyākaraṇaso 5
sukaro 5
sekhavesārajjakaraṇo 5
satthusāsanakaro 5
sakkarotha 5
sacchikareyyan”ti 5
pātukareyya 5
nākaramhāti 5
muttakarīsaṁ 5
manasikaronto 5
katakaraṇīyassa 5
karontu 5
karontaṁ 5
karitvā”ti 5
kareyyāmā”ti 5
karaṇīye 5
karaṁ 5
dāsakammakaraporise 5
dhanakaraṇīye 5
cakkhukaraṇo 5
byākarohi” 5
byākarissāmā”ti 5
byākarissasi 5
bahulīkarontī”ti 5
aññāṇakaraṇo 5
andhakaraṇo 5
akaraṇīyanti 5
akaraṇaṁ 5
akaramhāti 5
acakkhukaraṇo 5
ñāṇakaraṇā 4
vijjāyantakaro 4
vijjācaraṇenantakaro 4
veyyākaraṇā 4
veyyākaraṇenā”ti 4
veyyākaraṇato 4
veyyākaraṇassa 4
veyyākaraṇan”ti 4
uttānīkaromi 4
uttarikaraṇīye 4
tārakarūpesu 4
titthakare 4
sāsanakarā 4
sāsanakaro 4
saṅghakaraṇīyāni 4
sammāpaṭipattādhikaraṇahetu 4
sakkaroma 4
sacchikarotīti 4
puttadāradāsakammakaraporise 4
punabalakaraṇīyavagga 4
paṭiññātakaraṇaṁ 4
paṭikarissati 4
pariṇāyakaratana 4
pamādādhikaraṇaṁ 4
pakaroti 4
pakaraṇe 4
ovādappaṭikarā 4
ovādappaṭikaro 4
micchāpaṭipattādhikaraṇahetu 4
manasikarohi 4
manasikaraṇīye 4
kiṅkaraṇīyesu 4
kiccakaraṇīyesu 4
karothā”ti 4
karotaṁ 4
kareyyātha 4
kareyyan”ti 4
karerimaṇḍalamāḷe 4
karakārako 4
ghaṭīkaro 4
garukaroti 4
dāsakammakaraporisā 4
dussakaraṇḍako 4
dukkhassantakaro”ti 4
cakkhukaraṇā 4
byākaroma 4
brāhmaṇakaraṇā 4
aññāṇakaraṇā 4
appamādādhikaraṇaṁ 4
andhakaraṇā 4
amanasikaraṇīye 4
adhikaraṇiko 4
adhikaraṇasamathā 4
adhikaraṇasamathassa 4
acakkhukaraṇā 4
āvikarohi 3
viyākarohi 3
vibhajjabyākaraṇīyo 3
vasalakaraṇe 3
uttarikaraṇīyanti 3
sakkariyamānānaṁ 3
sakkariyamānassa 3
sakkareyya 3
sacchikaroti” 3
pātukaronti 3
pātukaromī”ti 3
pavivekarasaṁ 3
parisuddhaveyyākaraṇomhī”ti 3
pajjotakaro 3
pahūtavittūpakaraṇāni 3
pahūtavittūpakaraṇā 3
pabhaṅkarā 3
pabbajjādhikaraṇan”ti 3
ovādapaṭikarāya 3
lokasmimanekarūpā 3
karīyantī”ti 3
karuṇāsahagataṁ 3
karuṇācetovimutti 3
karosī”ti 3
karontenapi 3
karontena 3
karissatī”tinetaṁ 3
karissatītinetaṁ 3
karissasī”ti 3
karissasi” 3
kareyyāsi 3
karerimaṇḍalamāḷo 3
karaṇīyākaraṇīye 3
karavīkabhāṇī 3
kammakarā 3
garukariyamānānaṁ 3
ekarūpampi 3
ekarattivāsaṁ 3
ekarasampi 3
dāsakammakaraporisehi 3
dukkarataraṁ 3
dhanakaraṇīyaṁ 3
cakkaratane 3
cakkaratanan”ti 3
byākarosi 3
byākariṁsu 3
bahukaraṇīyo”ti 3
aḍḍakaraṇe 3
anīkaratto 3
anekarūpena 3
anandhakaraṇo 3
akaraṇīye 3
ajakaraṇī 3
adhikaraṇāni 3
abhisambuddhācakkhukaraṇī 3
ātappamakaruṁ 2
ñātisālohitakaraṇīyaṁ 2
viruddhagabbhakaraṇaṁ 2
vibhajjabyākaraṇīyaṁ 2
vacanakaro 2
uttānīkariyamāne 2
upāsakaratanañca 2
uppilādhikaraṇañca 2
udakarāsi 2
udakarahadūpamā 2
therakaraṇā 2
tesantakaro 2
takkaro 2
sūkarikā 2
sūkaraṁ 2
sūkaramaddavena 2
sūkarakhatāyaṁ 2
sītīkarissatī”ti 2
sāsanakaro”ti 2
subhagakaraṇaṁ 2
sovacassakaraṇā 2
sekhavesārajjakaraṇā 2
satuppādakaraṇīyameva 2
satikaraṇīyameva 2
sapattakaraṇā 2
sampannaveyyākaraṇaṁ 2
samaṇakaraṇīyāni 2
samaṇakaraṇā 2
sakkariyamānaṁ 2
sakkareyyāna 2
sakaraṇīyo 2
sacchikarotī”ti 2
sacchikaromī”ti 2
sacchikarissatītiṭhānametaṁ 2
rājakaraṇīyenā”ti 2
rājakaraṇīyaṁ 2
rāgādhikaraṇaṁ 2
pātukarontū”ti 2
pātukarontu 2
pātukarissatī”ti 2
puthutitthakarānaṁ 2
purāṇatitthakaro 2
purisavisesakaro 2
purisakaravitaṁ 2
pubbapetakaraṇīyaṁ 2
piyaṅkara 2
paṭipucchābyākaraṇīyo 2
paṭipucchābyākaraṇīyaṁ 2
paṭikareyyaṁ” 2
paṭikareyyaṁ 2
pañhabyākaraṇāni 2
pavivekarato 2
pajjotakarā 2
nākaramhā”ti 2
nappaṭikareyyaṁ” 2
nappaṭikareyyaṁ 2
muttakarīsassa 2
mittāmaccakaraṇīyaṁ 2
manasikaritvā 2
manasikaraṇīyānaṁ 2
makkarakate 2
mahādhikaraṇo 2
kiṅkaraṇīyānitattha 2
kiccakaro 2
kiccakaraṇīyehi 2
karuṇāya 2
karuṇācetovimuttī”ti 2
karuṇedhimuttā 2
karuṇedhimutto”ti 2
karomahan”ti 2
kariṁsu 2
kariya 2
karissāmikalyāṇaṁ 2
karissaṁ 2
karissatīti 2
karissathā”ti 2
karissatha 2
kareyyāthā”ti 2
kare 2
karaṇīyañca 2
karatiyo 2
karassu 2
karajakāyena 2
ekaṁsabyākaraṇīyo 2
ekaṁsabyākaraṇīyaṁ 2
ekarattan”ti 2
dukkaratarañceva 2
dukkarasutta 2
dukkarakārako 2
dubbhagakaraṇaṁ 2
dovacassakaraṇā 2
devatākaraṇīyaṁ 2
chambhitattādhikaraṇañca 2
cetanākaraṇīyasutta 2
caraṇenantakaro 2
byākarotha 2
byākaromahaṁ 2
byākaraṇasutta 2
bandhapamuñcakaraṁ 2
bahulīkarontaṁ 2
aḍḍakaraṇena 2
aññāṇakaraṇaṁ 2
atthakaraṇapamukhe 2
atithikaraṇīyaṁ 2
atilīnavīriyādhikaraṇañca 2
appādhikaraṇo 2
aparisuddhaveyyākaraṇo 2
antarāyakarā 2
antarāyakaraṁ 2
anekarūpampi 2
andhakaraṇaṁ 2
anandhakaraṇā 2
amanasikaraṇīyānaṁ 2
akarontañhi 2
akaramhā”ti 2
akalyāṇavākkaraṇo 2
adhikaraṇasamuppādavūpasamakusalo 2
adhikaraṇakārako 2
accāraddhavīriyādhikaraṇañca 2
acakkhukaraṇaṁ 2
abyākaraṇadhammo 2
āvikaromi 1
ātappakaraṇīyasutta 1
āpattādhikaraṇaṁ 1
ānandabhaddekarattasuttaṁ 1
ānandabhaddekarattasutta 1
ālokakarātipi 1
ālokakaraṇā 1
yonisomanasikaroto 1
yogi-pītikaraṁ 1
yaññādhikaraṇaṁ 1
yavakaraṇe 1
yavakaraṇassa 1
yathākaro 1
yadidaṁnaṅgalakaṭṭhakaraṇaṁ 1
vākkaraṇamattena 1
vākaraṁ 1
vivādādhikaraṇaṁ 1
vicikicchādhikaraṇañca 1
vasīkaritvā 1
vacanapaṭikarassābhippasannā 1
vacanakarenātidevassa 1
uttarikaraṇīyaṁ 1
upakaraṇaṁ 1
udakarahadova 1
udakarahadasutta 1
titthakarānaṁ 1
thinamiddhādhikaraṇañca 1
therakaraṇe 1
tassovādakarā 1
tapokaraṁ 1
sūkarānaṁ 1
sūkarā 1
sūkarapotikāvatthu 1
sūkaraposako 1
sūkarapetavatthu 1
sūkaramaṁsaṁ 1
sūkarakhatavaggo 1
sūkarakhatasutta 1
sūkarabhūtānaṁ 1
sūkarabhattaṁ 1
sūkarabhattan”ti 1
sāsanakarehi 1
sukatakammakarā 1
sucikaraṇā 1
saṅgaṇikaratā 1
samalaṅkaritvā 1
sakkariṁsu 1
sakkarissāma 1
sakkakaraṇe 1
sakaraṇīyomhi 1
sacchikarī 1
sacchikarothā”ti 1
sacchikaronto 1
sacchikarissāmā”ti 1
sacchikarissatītinetaṁ 1
sacchikarissati 1
sacchikareyyaṁ 1
sacchikaraṇīyasutta 1
sacchikaraṇīyassa 1
rūpādhikaraṇaṁ 1
rājakaraṇīyāni 1
rājakaraṇīyesu 1
raṇakarā 1
ratanākaro” 1
pātukaritvāna 1
pātukarissāmi 1
pātukarissati” 1
pātukareyyaṁ 1
pāpakarā 1
pāmujjakaraṇaṁ 1
pāmojjakaraṇaṁ 1
puññantarāyakaro 1
puññakarā 1
puññakaro 1
puttadāradāsakammakaraporisānukampitassa 1
puttadāradāsakammakaraporisā 1
purimaveyyākaraṇena 1
piyaṅkarasutta 1
piyaṅkaramātā 1
paṭiññātakaraṇena 1
paṭisenikaronti 1
paṭikarotha 1
paṭikarohī”ti 1
paṭhamanānākaraṇasutta 1
paṇḍukarogī 1
pañhānantakaro 1
pañhābyākaraṇa 1
pañhabyākaraṇānīti 1
pañhabyākaraṇasutta 1
pavivekaratānaṁ 1
pavivekaratā 1
pavivekarataṁ 1
pasādakaradhammā 1
pasādakaradhammavagga 1
pariṇāyakaratanassa 1
parisuddhaveyyākaraṇo 1
paramadukkaraṁ 1
pajjotakarātipi 1
pabhaṅkarātipi 1
okkākarājassa 1
obhāsakarātipi 1
nātikiyādibyākaraṇa 1
nānukaroti 1
nānattasaññādhikaraṇañca 1
nirākare 1
nikkaruṇātimānino 1
naṅgalakaṭṭhakaraṇaṁ 1
nappaṭikaroti 1
nandakarāhulā 1
mūsikukkaro 1
mātāpitukiccakaro 1
muttakarīsena 1
muttakarīsapuṇṇaṁ 1
mohādhikaraṇaṁ 1
mittakaro 1
manīkaratto 1
manussāsurasakkarakkhasā 1
manasikarotī”ti 1
mahāudakarahado 1
mahākaccānabhaddekarattasuttaṁ 1
mahākaccānabhaddekarattasutta 1
mahiyekarattivāso 1
lābhantarāyakaro 1
lomasakaṅgiyabhaddekarattasuttaṁ 1
lomasakaṅgiyabhaddekarattasutta 1
lokasmimanekarūpā” 1
kāmaṅkaro 1
kālaṅkareyya 1
kālamakarī 1
kuñjaramattakareṇuloḷitaṁ 1
kukkuṭasūkarasutta 1
kukkuṭasūkarahatthīti 1
kiccādhikaraṇaṁ 1
kiccakaraṇīyāni 1
khemaṅkaro 1
khemaṅkarassa 1
kathaṅkaro 1
karīyan”ti 1
karuṇāyamāno 1
karuṇāsutta 1
karuṇācetovimuttiṁ 1
karuṇābhāvanānuyogamanuyuttā 1
karuṇedhimutto 1
karuṇañhi 1
karotosutta 1
karontī 1
karontākusalaṁ 1
karontehī”ti 1
karontamupasevati 1
karomīti 1
karomicāha 1
karomaṭṭhabhāge 1
karomasi 1
karomahaṁ 1
kariyamānaṁ 1
kariyacariyasusaṅgahaṁ 1
karissathāti 1
karissaseko 1
karissantikalyāṇaṁ 1
karihi”ti 1
kari 1
kare”ti 1
kareyyāti 1
kareyyun”ti 1
karerimālāvitatā 1
karerikuṭikāyaṁ 1
karehi 1
karaṇḍako 1
karaṇḍake 1
karaṇīyo” 1
karaṇīyoti 1
karaṇīyametaṁ 1
karaṇīyamatthi 1
karaṇīyamatthakusalena 1
karaṇaṁ 1
karavīrapattan”ti 1
karavīkā 1
karavikabhāṇī 1
karato 1
karambhā 1
karakaṇḍaṁ 1
karajakāyavaggo 1
karajakāyasutta 1
karacaraṇamudutañca 1
karacaraṇamudujālatālakkhaṇāni 1
kammakarā”ti 1
kammakaraṇavaggo 1
kammakaraṇavagga 1
kalyāṇavākkaraṇānaṁ 1
kalyāṇavākkaraṇatā 1
kakkarapattaṁ 1
ghaṭīkaroti 1
garukariyamānaṁ 1
gandhakaraṇḍake 1
gandhakaraṇḍakassa 1
gabbhakaraṇaṁ 1
evaṁantarāyakaraṁ 1
ekarukkhikā 1
ekarattiparivāsena 1
ekarajjena 1
dāsakammakarāni 1
dāsakammakaraporisā”ti 1
dāsakammakaraporisesu 1
duṭṭhullādhikaraṇañca 1
dutiyanānākaraṇasutta 1
dukkhassantakarā 1
dukkhassantakara 1
dukkarā 1
dukkaro 1
dukkarañcāpi 1
dukkarapañhāsutta 1
dukkaranti 1
duggandhakaraṁ 1
dubbaṇṇakaraṇī 1
dubbaṇṇakaraṇo 1
dubbalikaraṇītveva 1
dubbalakaraṇo 1
dosādhikaraṇaṁ 1
dhaṅkarūpā 1
cundasūkarikavatthu 1
cakkaratanassa 1
cakkaratanapātubhāva 1
cakkaratana 1
byākarotīti 1
byākarontu 1
byākariṁsūti 1
byākarissatī”ti 1
byākarissati” 1
byākari 1
byākareyyāsīti 1
byākaraṇaṁ 1
byākaraṁ 1
byantīkarissāmīti 1
brahmasūkarakhatāyo 1
bhogādhikaraṇaṁ 1
bhaddekarattasuttaṁ 1
bhaddekarattasutta 1
bandhukarogo 1
balakaraṇīyādisutta 1
balakaraṇīyaṁ 1
bahulīkareyya 1
bahukaraṇīyā 1
bahukaraṇīyassa 1
aṭṭhārasaveyyākaraṇaṁ 1
aḍḍakaraṇaṁ 1
aḍḍakaraṇasutta 1
aññābyākaraṇānī”ti 1
aññābyākaraṇāni 1
avivādavaḍḍhanakariṁ 1
atthakaraṇe 1
atinijjhāyitattādhikaraṇañca 1
asucikaraṇā 1
ariyamittakaro 1
appassutāpuññakaro 1
appamādavagga-balakaraṇīyavaggā 1
appamādavagga-balakaraṇīyavagga-esanāvaggā 1
anīkarattañca 1
anuvādādhikaraṇaṁ 1
anikaratto 1
anikarattaṁ 1
anikarattassa 1
anekarūpehi 1
anekarasabyañjano 1
andhakaraṇasutta 1
ambalaṭṭhikarāhulovādasuttaṁ 1
ambalaṭṭhikarāhulovādasutta 1
amanasikārādhikaraṇañca 1
alaṅkarothā”ti 1
akarontopi 1
akaritvā 1
akaraṇīyā”ti 1
akaraṇīyāva 1
akaraṇīyan”ti 1
akaraṁ 1
adhikaraṇesu 1
adhikaraṇavaggo 1
adhikaraṇavagga 1
adhikaraṇasamudayaṁ 1
adhikaraṇasamathasutta 1
adhikaraṇanirodhaṁ 1
adhikaraṇanirodhagāminiṁ 1
adhikaraṇa 1
abhikkamapaṭikkamavacanakaro 1
abhijappādhikaraṇañca 1
karoti 457
adhikaraṇaṁ 405
karonti 284
kareyya 278
karitvā 171
pakaraṇe 170
karaṇīyā 155
āpattādhikaraṇaṁ 145
anuvādādhikaraṇaṁ 97
vivādādhikaraṇaṁ 95
kiccādhikaraṇaṁ 94
adhikaraṇānaṁ 91
karaṇīyaṁ 88
karaṇīyā”ti 81
paṭiññātakaraṇena 80
paṭiññātakaraṇaṁ 77
karissati 66
karissanti 64
sattāhakaraṇīyena 62
karothā”ti 55
karomā”ti 55
adhikaraṇassa 49
karonto 43
adhikaraṇakārako 43
adhikaraṇe 42
karaṇaṁ 39
akaraṇīyaṁ 36
adhikaraṇakārakā 36
karontipi 35
karaṇīyena 35
anuvādādhikaraṇassa 34
karissāmī”ti 33
adhikaraṇañceva 32
karissatī”ti 31
vivādādhikaraṇassa 28
anuvādādhikaraṇañca 28
āpattādhikaraṇassa 25
adhikaraṇā 25
āpattādhikaraṇañca 24
vivādādhikaraṇañca 24
kiccādhikaraṇañca 24
karontassa 24
karontā 23
karissāmā”ti 22
karissāmīti 21
karissantipi 21
sukarā 20
kiccādhikaraṇassa 20
karissāma 20
karaṇapaccayā 20
adhikaraṇehi 19
kiccādhikaraṇena 18
adhikaraṇasamathā 18
pubbakaraṇaṁ 17
karotu 17
karissāmi 17
karotha 16
adhikaraṇāni 16
adhikaraṇasamatha 16
karotī”ti 15
karontī 15
kare 15
adhikaraṇena 15
paṭiññātakaraṇassa 14
paṭikarissāmī”ti 14
makaradantakaṁ 14
karissantī”ti 14
saṅghanānākaraṇaṁ 13
karontiyā 13
karomi 13
kareyyan”ti 13
āpattādhikaraṇena 12
āpattādhikaraṇapaccayā 12
vivādādhikaraṇena 12
vivādādhikaraṇapaccayā 12
sukaraṁ 12
sakaraṇīyo 12
kiccādhikaraṇapaccayā 12
karaṇīye 12
anuvādādhikaraṇena 12
anuvādādhikaraṇapaccayā 12
paṭikarohi 11
karoma 11
dubbaṇṇakaraṇānaṁ 11
veyyāvaccakaro”ti 10
paṭikarissāmi 10
nihatādhikaraṇaṁ 10
karosi 10
karohi 10
karaṇīyo 10
karaṇīyan”ti 10
dukkaraṁ 10
dubbaṇṇakaraṇaṁ 10
adhikaraṇanti 10
veyyāvaccakaraṁ 9
nānākaraṇaṁ 9
vīsativaggakaraṇe 8
veyyāvaccakaro 8
veyyākaraṇaṁ 8
saṅghanānākaraṇan”ti 8
karohī”ti 8
kariyethāti 8
kareyyāti 8
ekarattaṁ 8
dāsakammakaraporisassa 8
catuvaggakaraṇe 8
akaraṇīyo 8
adhikaraṇavūpasamanena 8
adhikaraṇasamuṭṭhānaṁ 8
adhikaraṇajātānaṁ 8
sakkariṁsu 7
paṭikarissāmīti 7
karosī”ti 7
kariṁsu 7
karissathā”ti 7
bhedakaravatthūni 7
piyakaraṇo 6
paṭikaroti 6
paṭikaritvā 6
garukaraṇo 6
ekarattampi 6
asakkariyamāno 6
agarukariyamāno 6
sammukhākaraṇīyaṁ 5
paṭiññātakaraṇā 5
paṭipucchākaraṇīyaṁ 5
paṭikarissatī”ti 5
karontī”ti 5
karontaṁ 5
karomī”ti 5
kareyyāsī”ti 5
kareyyāma 5
karaṇīyatā 5
ekaraso 5
byākaroti 5
bahukaraṇīyo 5
anekaratano 5
akaraṇīyāni 5
adhikaraṇasamudayaṁ 5
adhikaraṇanirodhaṁ 5
tārakarājāva 4
purisatthakaraṁ 4
pubbakaraṇassa 4
paṭiññāyakaraṇīyaṁ 4
paṭiññātakaraṇasmiṁ 4
paṭiññātakaraṇanti 4
pañcavaggakaraṇe 4
pahūtavittūpakaraṇaṁ 4
nissayakaraṇīyo 4
katakaraṇīyo 4
karissasi 4
kareyyāmā”ti 4
karaṇā 4
dasavaggakaraṇe 4
byākaronti 4
adhikaraṇānaṁāpattādhikaraṇaṁ 4
adhikaraṇavāro 4
adhikaraṇavāra 4
adhikaraṇanirodhagāminiṁ 4
āvikareyya 3
ñāṇakaraṇī 3
vinayabyākaraṇā 3
veyyākaraṇasmiṁ 3
sūkaraṁ 3
paṭikarotha 3
paṭikarosi 3
paṭikarissāmāti 3
paṭikarissasi 3
paṭikareyyaṁ 3
paṭikareyyan”ti 3
paribhaṇḍakaraṇamattena 3
nāvikareyya 3
māsakarūpampi 3
karīyamāne 3
karuṁ 3
karontū”ti 3
karontehi 3
karissatha 3
kareyyāthā”ti 3
kareyyāsīti 3
karaṇīyamattānaṁ 3
dhaññakaraṇaṁ 3
dasavaggakaraṇañce 3
cakkhukaraṇī 3
byākarissati 3
bahukaraṇīyā”ti 3
aparisuddhaveyyākaraṇo 3
antodhaññakaraṇe 3
akaraṇaṁ 3
āpattādhikaraṇe 2
āpattiāvikaraṇavidhi 2
ālokasandhikaraṇamattenapi 2
vīsativaggakaraṇañce 2
vivādādhikaraṇe 2
vippakarotī”ti 2
vinayabyākaraṇā”ti 2
veyyākaraṇato 2
uttarikaraṇīyaṁ 2
sūkariko 2
sūkaravasaṁ 2
setavaṇṇakaraṇamattenapi 2
sakkareyyāma 2
pātukaroti 2
purisatthakarampi 2
pubbakaraṇa”nti 2
pubbakaraṇapubbakiccāni 2
paṭiññātakaraṇā”ti 2
paṭiññātakaraṇañca 2
paṭiññātakaraṇa 2
paṭikaronti 2
paṭikareyyuṁ 2
pañcavaggakaraṇañce 2
parisuddhaveyyākaraṇomhī”ti 2
parisuddhaveyyākaraṇo 2
paribhaṇḍakaraṇamattenapi 2
ovaṭṭiyakaraṇamattena 2
ovaddheyyakaraṇamattena 2
natthukaraṇī 2
muttakarīse 2
muttakaraṇe 2
muttakaraṇaṁ 2
makaradantakapāṭikaṁ 2
kāḷavaṇṇakaraṇamattenapi 2
kiccādhikaraṇe 2
kaṇḍusakaraṇamattena 2
karī”ti 2
karīyissatī”ti 2
karīyatū”ti 2
karīyatu 2
karontena 2
karomiti 2
karissāmāti 2
kareyyā”ti 2
kareyyuṁ 2
kareyyaṁ 2
karaṇīyāni 2
karaṇāni 2
karaṇaṁna 2
karaṇaṁcitto 2
karaṇadukkaṭako 2
karaḷe 2
gerukaparikammakaraṇamattenapi 2
dāsakammakaraporisaṁ 2
dukkaran”ti 2
dukkarakārikāya 2
dubbaṇṇakaraṇāya 2
dubbaṇṇakaraṇasikkhāpadaṁ 2
dhammakaraṇo 2
dhammakaraṇampī”ti 2
daḷhīkammakaraṇamattena 2
catuvaggakaraṇañce 2
byākareyyaṁ 2
byākaramāno 2
bahukaraṇīyā 2
aṭṭhārasabhedakaravatthūni 2
aññabyākaraṇā”ti 2
aññabyākaraṇā 2
avippaṭisārakaraṁ 2
atthavasapakaraṇaṁ 2
asakkariyamānā 2
anuvātakaraṇamattena 2
anuvādādhikaraṇe 2
alaṅkarā”ti 2
ahivātakarogena 2
aggaḷavaṭṭikaraṇamattenapi 2
agarukariyamānā 2
adhikaraṇañca 2
adhikaraṇakārikā 2
ḍākarasaṁ 1
āvāsikabyākaraṇā 1
āvikaronti 1
āvikareyyāti 1
āpattikarā 1
ālokasandhikaraṇamattena 1
ādikaro 1
yamakanatthukaraṇin”ti 1
vīsativaggakaraṇaṁ 1
viyākarohi 1
viyākaraṁ 1
veyyāvaccakarassa 1
ubbāhikādhikaraṇaṁ 1
tirokaraṇīyaṁ 1
tirokaraṇiṁ 1
tirokaraṇiyaṁ 1
tirokaraṇin”ti 1
tathādhikaraṇena 1
takkarassa 1
sūkarā 1
sūkarikānaṁ 1
sūkarasūnaṁ 1
sūkarantañca 1
sūkarantakaṁ 1
sūkarantakan”ti 1
sāsanakaro 1
sukarāni 1
sukaran”ti 1
setavaṇṇakaraṇamattena 1
saṅghakaraṇīyena 1
sattāhakaraṇīyānujānana 1
samuṭṭhānādhikaraṇā 1
samathādhikaraṇañceva 1
samathādhikaraṇavāro 1
samathādhikaraṇavāra 1
samaggakaraṇīyāni 1
sakkarissāma 1
sakkarissati 1
sakkarissatha 1
sakaraṇī 1
sacchikarothā”ti 1
sabbakammakaro 1
pātukarissati 1
pāpakammamakariṁsu 1
pubbakaraṇānujānana 1
pubbakaraṇasamuṭṭhāno 1
pubbakaraṇasamudayo 1
pubbakaraṇasambhāro 1
pubbakaraṇapabhavo 1
pubbakaraṇanidānādivibhāga 1
pubbakaraṇanidāno 1
pubbakaraṇajātiko 1
paṭiññātakaraṇan”ti 1
paṭikarissāmā”ti 1
paṭikarissati 1
paṭikareyyāthā”ti 1
paṭikareyya 1
pañcavaggakaraṇaṁ 1
pamādādhikaraṇaṁ 1
palibodhapañhābyākaraṇa 1
pakaraṇeti 1
pahūtavittūpakaraṇā 1
padīpakaraṇo 1
padīpakaraṇe 1
nāvikareyyāti 1
nānāsaṁvāsakādīhiuposathakaraṇa 1
natthukaraṇiyo 1
natthukaraṇin”ti 1
mūgasūkarā 1
māsakarūpassa 1
muttakaraṇassa 1
manasikarotha 1
makaraṁ 1
kāḷavaṇṇakaraṇamattena 1
kaṭukarohiṇī 1
kaṭukarohiṇiṁ 1
karīyissati 1
karī 1
karā 1
karuṇā 1
karotīti 1
karoti“na 1
karotiyeva 1
karotipi 1
karontānaṁ 1
karontu 1
karontiyeva 1
karonte 1
karomīti 1
karomāti 1
karohīti 1
kariyyanti 1
kariyati 1
kariyamāne 1
karissasī”ti 1
karimhā 1
kareyyātha 1
kareyyāsi 1
kareyyāmī”ti 1
kareyyuñce 1
kareyya“na 1
kareyyanti 1
karaṇīyāti 1
karaṇīyadoḷasakaṁ 1
karaṇīyadoḷasaka 1
karaṇaṁ“na 1
karaṇavipannañca 1
karaṇasannidhi 1
karaṇasampannañca 1
karaṇanti 1
karaṁ 1
karamarānītā 1
karamarānīto 1
karakaṭakaṁ 1
kappakaraṇena 1
kammādhikaraṇañceva 1
kammakarānaṁ 1
kammakare 1
kammakaraṁ 1
kalyāṇavākkaraṇā 1
kalyāṇavākkaraṇo 1
jānitabbākaraṇasannidhi 1
hotikaraṇīyaṁ 1
guḷakaraṇaṁ 1
gerukaparikammakaraṇamattena 1
garukarissati 1
garukarissatha 1
etadavocuṁ“karohi 1
ekarasa 1
dubbaṇṇakaraṇāyāti 1
dubbaṇṇakaraṇasikkhāpada 1
dubbaṇṇakaraṇanti 1
dubbaṇṇakaraṇa 1
dovacassakaraṇehi 1
dhammakaraṇaṁ 1
dhammakaraṇan”ti 1
dhammakaraṇampi 1
dasekarattimāso 1
dasavaggakaraṇaṁ 1
catuvaggakaraṇādikathā 1
catuvaggakaraṇaṁ 1
cattāriakaraṇīya 1
byākarosi 1
byākaromi 1
byākariṁsu 1
byākarissāmīti 1
byākarimhā 1
byākareyyan”ti 1
byākareyya 1
byākaraṇārahaṁ 1
byākaraṇā 1
byākara 1
brāhmaṇakaraṇā 1
bhāsādhikaraṇañceva 1
bhedādhikaraṇena 1
bhedādhikaraṇe 1
atthavasapakaraṇa 1
asammohakaraṁ 1
appamādādhikaraṇaṁ 1
aphāsukaraṇasikkhāpadaṁ 1
aphāsukaraṇasikkhāpada 1
anāpattikarā 1
anādikaro 1
akarontassa 1
akaritvā 1
akaraṇīyan”ti 1
akaraṇī 1
ahivātakarogavatthu 1
aggaḷavaṭṭikaraṇamattena 1
adhikaraṇādhippāya 1
adhikaraṇeti 1
adhikaraṇaññabhāgiyaṁ 1
adhikaraṇavūpasamavaggo 1
adhikaraṇavūpasamavagga 1
adhikaraṇavūpasamanasamatha 1
adhikaraṇassāti 1
adhikaraṇasikkhāpadaṁ 1
adhikaraṇasikkhāpada 1
adhikaraṇasaṅgaho 1
adhikaraṇasamuppādavūpasamanakusalo 1
adhikaraṇapariyāyavāra 1
adhikaraṇapaccayāpatti 1
adhikaraṇapaccayavāro 1
adhikaraṇapaccayavāra 1
adhikaraṇanirodhagāminipaṭipadaṁ 1
adhikaraṇanidānādi 1
adhikaraṇamūlādi 1
adhikaraṇameva 1
adhikaraṇakārikaṁ 1
adhikaraṇakārakehī”ti 1
adhikaraṇakārakehi 1
adhikaraṇakārakaṁ 1
adhikaraṇakupitasikkhāpadaṁ 1
adhikaraṇakupitasikkhāpada 1
adhikaraṇabhedaṁ 1
adhikaraṇabheda 1
adhikaraṇa 1
karoti 13 var
karaṇīyaṁ 9 var
karitvā 8 var
karonti 7 var
kareyya 6 var
yathākāmakaraṇīyo 4 var
karonto 4 var
karato 4 var
garukaronti 4 var
dukkaraṁ 4 var
cakkaratanaṁ 4 var
vyantikaroti 3 var
pakaroti 3 var
ovadeyyakaraṇamattena 3 var
karomi 3 var
karohi 3 var
kareyyaṁ 3 var
garukaronto 3 var
byākarissāmi 3 var
byākara 3 var
byantīkaroti 3 var
veyyākaraṇaṁ 2 var
veyyākaraṇassa 2 var
sukarā 2 var
sukaro 2 var
paṭiññātakaraṇaṁ 2 var
ovaṭṭiyakaraṇamattena 2 var
ovaṭṭeyyakaraṇamattena 2 var
ovaddheyyakaraṇamattena 2 var
manasikarontīti 2 var
kaṇḍusakaraṇamattena 2 var
karīsaṁ 2 var
karontā 2 var
karonte 2 var
karissāmi 2 var
karissatīti 2 var
karissanti 2 var
kareyyuṁ 2 var
karaṇīye 2 var
gaṇḍusakaraṇamattena 2 var
garukareyyuṁ 2 var
dhammādhikaraṇaṁ 2 var
byākarissāmīti 2 var
byākaraṇesu 2 var
brāhmaṇakaraṇā 2 var
aṭṭakaraṇe 2 var
atthakaraṇe 2 var
agarukaritvāti 2 var
adhikaraṇesu 2 var
adhikaraṇe 2 var
yatvādhikaraṇametaṁ 1 var
yatvādhikaraṇamenaṁ 1 var
yamakanatthukaraṇin”ti 1 var
vyāsukaro 1 var
vyākarissāmi 1 var
vyākaraṇāya 1 var
vyākaraṇa 1 var
vyantikareyya 1 var
viyākaraṁ 1 var
veyyākaraṇā 1 var
veyyākaraṁ 1 var
vasīkaritvā 1 var
uttānīkaroti 1 var
uttānīkarissanti 1 var
uttarikaraṇīye 1 var
uttarikaraṇīyanti 1 var
uttanīkarissanti 1 var
uttanikarissāmi 1 var
udakarahadaṁ 1 var
ubbādhakaraṁ 1 var
tirokaraṇiṁ 1 var
tirokaraṇiyaṁ 1 var
tesantakaro 1 var
tesamantakaromi 1 var
tassovādakarā 1 var
sūkarānaṁ 1 var
sūkariko 1 var
sūkaramaṁsaṁ 1 var
sūkarakhātavaggo 1 var
sūkarakhatavagga 1 var
sūkarabhattaṁ 1 var
sītīkaritvā 1 var
sītīkarissatī”ti 1 var
sītikaritvā 1 var
sokariko 1 var
saṅkaritvā 1 var
saṅkaraṁ 1 var
sampannavarasūkaramaṁsaṁ 1 var
sampannasūkaramaṁsaṁ 1 var
samaṇakaraṇḍavoti 1 var
sakkaronto 1 var
sakkaraṁ 1 var
rūpādhikaraṇaṁ 1 var
pāmujjakaraṇaṁ 1 var
pāmojjakaraṇaṭṭhānaṁ 1 var
pāmojjakaraṇaṁ 1 var
pussakaravitaṁ 1 var
purisakaravitaṁ 1 var
piyakarāṇā 1 var
piyakaraṇā 1 var
phātikareyya 1 var
phussakaravitaṁ 1 var
paṭhamanāthakaraṇasuttaṁ 1 var
paṭhamanānākaraṇasutta 1 var
paṇḍukarogino 1 var
pañhāveyyākaraṇena 1 var
pañhābyākaraṇāni 1 var
pañhavyākaraṇena 1 var
pañhaveyyākaraṇena 1 var
pañhabyākaraṇāni 1 var
pavivekarasaṁ 1 var
pabhāsakarassa 1 var
ovādapaṭikarāya 1 var
ovādapatikarāya 1 var
ovaṭṭikaraṇamattena 1 var
ovaṭṭikaraṇa 1 var
ovaṭṭikakaraṇamattena 1 var
ovattikaraṇa 1 var
nāthakaraṇavaggo 1 var
natthukaraṇinti 1 var
mūsikukkaro 1 var
manasākarittha 1 var
manasikarotī”ti 1 var
manasikarotha 1 var
manasikarosīti 1 var
manasikarohi 1 var
manasikareyyāsi 1 var
makkarakaṭe 1 var
makkarakate 1 var
kiccādhikaraṇaṁ 1 var
kiccādhikaraṇañca 1 var
khuddakarājāno 1 var
kaṇṭakarājimpi 1 var
kaṇḍūsakaraṇamattena 1 var
kaṇḍasakaraṇamattena 1 var
karīyati 1 var
karuṇādhimutto 1 var
karuṇādayo 1 var
karuṇedhimuttā 1 var
karuṇedhimutto 1 var
karuṇe 1 var
karumhā 1 var
karotī”ti 1 var
karotosutta 1 var
karoto 1 var
karotha 1 var
karosī”ti 1 var
karontepi 1 var
karomī”ti 1 var
karomīti 1 var
kariṁsu 1 var
karitvā”ti 1 var
karitvāna 1 var
karissāmīti 1 var
karissāmāti 1 var
karissāma 1 var
karissati 1 var
karissatha 1 var
karissasī”ti 1 var
karissasīti 1 var
kariparibandha 1 var
kareyyātho 1 var
kareyyātha 1 var
kareyyāsi 1 var
karaṇḍuṁ 1 var
karaṇīyena 1 var
karaṇīyanti 1 var
karaṇīyamattānaṁ 1 var
karaṇīyamattano 1 var
karaṇapālī 1 var
karatosuttaṁ 1 var
karambhā 1 var
karakaṇḍuṁ 1 var
karakaṇḍaṁ 1 var
karajakāyavagga 1 var
kammakarāti 1 var
kammakarena 1 var
kammakare 1 var
kammakaraṇāni 1 var
kammakaraṇā 1 var
kammakaraṇavagga 1 var
kammakarassa 1 var
gaṇṭusakaraṇamattena 1 var
garūkaronti 1 var
garukarāṇā 1 var
garukaroti 1 var
garukarotha 1 var
garukariṁsu 1 var
garukarissāma 1 var
garukarissatha 1 var
garukaraṇā 1 var
ekodikaroti 1 var
ekodikarohi 1 var
ekarūpampi 1 var
dutiyanānākaraṇasutta 1 var
dukkhassantakaro 1 var
duggandhakaraṁ 1 var
dhanakaraṇīyaṁ 1 var
dhammakaraṇan”ti 1 var
dhammakarakanti 1 var
daṇḍavākarāhi 1 var
dasekarattimāso 1 var
cetanākaraṇīyasuttaṁ 1 var
cetanākaraṇīyasutta 1 var
byākaroti 1 var
byākareyya 1 var
byākaraṇāya 1 var
byākaraṇā 1 var
byākaraṇaṁ 1 var
byākaraṇasutta 1 var
byākaraṁ 1 var
byākaramāno 1 var
byantīkareyya 1 var
brāhmaṇakarāṇā 1 var
bhāsādhikaraṇā 1 var
bhāsādhikaraṇañceva 1 var
bhesajjakaraṇīyena 1 var
bandhukarogo 1 var
bahulīkareyyaṁ 1 var
aṭṭhārasa-veyyākaraṇāni 1 var
aṭṭhakaraṇasuttaṁ 1 var
aḍḍakaraṇe 1 var
aḍḍakaraṇasutta 1 var
aññābyākaraṇasuttaṁ 1 var
atthakaraṇasuttaṁ 1 var
atthakaraṇa 1 var
asi-sūkariko 1 var
apuññakaro 1 var
appassutāpuññakaro 1 var
appassutopuññakaro 1 var
anīkaratto 1 var
anikaratto 1 var
anekarasabyañjano 1 var
akaraṇīyāva 1 var
akaraṇīyāni 1 var
akaraṇīyā 1 var
adhikaraṇikasuttaṁ 1 var
adhikaraṇavūpasamena 1 var
